c:\inf1761\t1\t1\x64\debug\vc143.pdb
c:\inf1761\t1\t1\x64\debug\vc143.idb
c:\inf1761\t1\t1\x64\debug\glad.obj
c:\inf1761\t1\t1\x64\debug\triangle.obj
c:\inf1761\t1\t1\x64\debug\transform.obj
c:\inf1761\t1\t1\x64\debug\state.obj
c:\inf1761\t1\t1\x64\debug\shape.obj
c:\inf1761\t1\t1\x64\debug\shader.obj
c:\inf1761\t1\t1\x64\debug\scene.obj
c:\inf1761\t1\t1\x64\debug\node.obj
c:\inf1761\t1\t1\x64\debug\main.obj
c:\inf1761\t1\t1\x64\debug\error.obj
c:\inf1761\t1\t1\x64\debug\disk.obj
c:\inf1761\t1\t1\x64\debug\color.obj
c:\inf1761\t1\t1\x64\debug\camera.obj
c:\inf1761\t1\t1\x64\debug\buffer.obj
c:\inf1761\t1\t1\x64\debug\main.obj.enc
c:\inf1761\t1\t1\x64\debug\t1.ilk
c:\inf1761\t1\x64\debug\t1.pdb
c:\inf1761\t1\x64\debug\t1.exe
c:\inf1761\t1\t1\x64\debug\t1.tlog\cl.command.1.tlog
c:\inf1761\t1\t1\x64\debug\t1.tlog\cl.items.tlog
c:\inf1761\t1\t1\x64\debug\t1.tlog\cl.read.1.tlog
c:\inf1761\t1\t1\x64\debug\t1.tlog\cl.write.1.tlog
c:\inf1761\t1\t1\x64\debug\t1.tlog\link.command.1.tlog
c:\inf1761\t1\t1\x64\debug\t1.tlog\link.read.1.tlog
c:\inf1761\t1\t1\x64\debug\t1.tlog\link.write.1.tlog
